<?xml version="1.0" encoding="utf-8"?><testsuites><testsuite name="pytest" errors="0" failures="0" skipped="0" tests="9" time="0.870" timestamp="2024-05-06T18:49:43.665515" hostname="icehongssiiui-MacBookAir.local"><testcase classname="tests.users.test_router" name="test_user_delete_failure[valid-1-incorrect_password-403-\ube44\ubc00\ubc88\ud638 \ud655\uc778\uc774 \ud544\uc694\ud569\ub2c8\ub2e4.]" time="0.011" /><testcase classname="tests.users.test_router" name="test_user_delete_failure[expired-1-correct_password-403-\ub85c\uadf8\uc778\uc774 \ud544\uc694\ud569\ub2c8\ub2e4.]" time="0.002" /><testcase classname="tests.users.test_router" name="test_user_delete_failure[invalid-1-correct_password-403-\ub85c\uadf8\uc778\uc774 \ud544\uc694\ud569\ub2c8\ub2e4.]" time="0.002" /><testcase classname="tests.users.test_router" name="test_login_user_failure[nonexistent@example.com-anyPassword-403-\uc0ac\uc6a9\uc790\ub97c \ucc3e\uc744 \uc218 \uc5c6\uc2b5\ub2c8\ub2e4.]" time="0.006" /><testcase classname="tests.users.test_router" name="test_login_user_failure[valid@example.com-wrongPassword-403-\ube44\ubc00\ubc88\ud638 \ud655\uc778\uc774 \ud544\uc694\ud569\ub2c8\ub2e4.]" time="0.004" /><testcase classname="tests.users.test_router" name="test_register_user_failure[anyusername-duplicated@example.com-anyPassword-422-\uc911\ubcf5\ub41c \uc774\uba54\uc77c]" time="0.003" /><testcase classname="tests.users.test_router" name="test_register_user_failure[anyusername-valid@example.com-WRONGPASSWORD!-422-\ube44\ubc00\ubc88\ud638 \uc18c\ubb38\uc790\uac00 1\uac1c\ub77c\ub3c4 \ud3ec\ud568\ub418\uc5b4\uc57c\ud568]" time="0.002" /><testcase classname="tests.users.test_router" name="test_register_user_failure[anyusername-valid@example.com-wrongp-422-\ube44\ubc00\ubc88\ud638 8\uc790\uc774\uc0c1]" time="0.003" /><testcase classname="tests.users.test_router" name="test_register_user_failure[anyusername-valid@example.com-wrongPassword#-422-\uc22b\uc790 \ud55c\uac1c \uc774\uc0c1 \ud3ec\ud568]" time="0.004" /></testsuite></testsuites>